<?xml version="1.0" encoding="UTF-8"?>
<!-- Generated by org.testng.reporters.JUnitReportReporter -->
<testsuite hostname="DESKTOP-9EON5N8" failures="0" tests="1" name="Basic.OrganizationsTest" time="13.317" errors="0" timestamp="2024-03-18T18:21:41 IST" skipped="0">
  <testcase classname="Basic.OrganizationsTest" name="CreateorganizationnsTest" time="13.317"/>
  <system-out/>
</testsuite> <!-- Basic.OrganizationsTest -->
